#! /c/Source/iverilog-install/bin/vvp
:ivl_version "12.0 (devel)" "(s20150603-1110-g18392a46)";
:ivl_delay_selection "TYPICAL";
:vpi_time_precision - 12;
:vpi_module "C:\iverilog\lib\ivl\system.vpi";
:vpi_module "C:\iverilog\lib\ivl\vhdl_sys.vpi";
:vpi_module "C:\iverilog\lib\ivl\vhdl_textio.vpi";
:vpi_module "C:\iverilog\lib\ivl\v2005_math.vpi";
:vpi_module "C:\iverilog\lib\ivl\va_math.vpi";
S_000001e7fd611d40 .scope module, "aluDecoder_tb" "aluDecoder_tb" 2 3;
 .timescale -9 -12;
v000001e7fd5bb950_0 .net "aluControl", 3 0, v000001e7fd5d3500_0;  1 drivers
v000001e7fd5bb9f0_0 .var "aluop", 1 0;
v000001e7fd5bba90_0 .var "funct", 5 0;
v000001e7fd5be6a0_0 .var "opcode", 5 0;
S_000001e7fd5b8340 .scope task, "display_result" "display_result" 2 22, 2 22 0, S_000001e7fd611d40;
 .timescale -9 -12;
TD_aluDecoder_tb.display_result ;
    %vpi_call 2 24 "$display", "aluop = %b, opcode = %b, funct = %b --> aluControl = %b", v000001e7fd5bb9f0_0, v000001e7fd5be6a0_0, v000001e7fd5bba90_0, v000001e7fd5bb950_0 {0 0 0};
    %end;
S_000001e7fd5be510 .scope module, "uut" "aluDecoder" 2 14, 3 1 0, S_000001e7fd611d40;
 .timescale 0 0;
    .port_info 0 /INPUT 2 "aluop";
    .port_info 1 /INPUT 6 "opcode";
    .port_info 2 /INPUT 6 "funct";
    .port_info 3 /OUTPUT 4 "aluControl";
v000001e7fd5d3500_0 .var "aluControl", 3 0;
v000001e7fd5d30e0_0 .net "aluop", 1 0, v000001e7fd5bb9f0_0;  1 drivers
v000001e7fd5b84d0_0 .net "funct", 5 0, v000001e7fd5bba90_0;  1 drivers
v000001e7fd5b8570_0 .net "opcode", 5 0, v000001e7fd5be6a0_0;  1 drivers
E_000001e7fd5f5cc0 .event anyedge, v000001e7fd5d30e0_0, v000001e7fd5b8570_0, v000001e7fd5b84d0_0;
    .scope S_000001e7fd5be510;
T_1 ;
    %wait E_000001e7fd5f5cc0;
    %load/vec4 v000001e7fd5d30e0_0;
    %dup/vec4;
    %pushi/vec4 0, 0, 2;
    %cmp/u;
    %jmp/1 T_1.0, 6;
    %dup/vec4;
    %pushi/vec4 1, 0, 2;
    %cmp/u;
    %jmp/1 T_1.1, 6;
    %dup/vec4;
    %pushi/vec4 2, 0, 2;
    %cmp/u;
    %jmp/1 T_1.2, 6;
    %dup/vec4;
    %pushi/vec4 3, 0, 2;
    %cmp/u;
    %jmp/1 T_1.3, 6;
    %pushi/vec4 15, 15, 4;
    %store/vec4 v000001e7fd5d3500_0, 0, 4;
    %jmp T_1.5;
T_1.0 ;
    %pushi/vec4 2, 0, 4;
    %store/vec4 v000001e7fd5d3500_0, 0, 4;
    %jmp T_1.5;
T_1.1 ;
    %pushi/vec4 6, 0, 4;
    %store/vec4 v000001e7fd5d3500_0, 0, 4;
    %jmp T_1.5;
T_1.2 ;
    %load/vec4 v000001e7fd5b8570_0;
    %dup/vec4;
    %pushi/vec4 8, 0, 6;
    %cmp/u;
    %jmp/1 T_1.6, 6;
    %dup/vec4;
    %pushi/vec4 12, 0, 6;
    %cmp/u;
    %jmp/1 T_1.7, 6;
    %dup/vec4;
    %pushi/vec4 13, 0, 6;
    %cmp/u;
    %jmp/1 T_1.8, 6;
    %dup/vec4;
    %pushi/vec4 10, 0, 6;
    %cmp/u;
    %jmp/1 T_1.9, 6;
    %pushi/vec4 15, 15, 4;
    %store/vec4 v000001e7fd5d3500_0, 0, 4;
    %jmp T_1.11;
T_1.6 ;
    %pushi/vec4 2, 0, 4;
    %store/vec4 v000001e7fd5d3500_0, 0, 4;
    %jmp T_1.11;
T_1.7 ;
    %pushi/vec4 0, 0, 4;
    %store/vec4 v000001e7fd5d3500_0, 0, 4;
    %jmp T_1.11;
T_1.8 ;
    %pushi/vec4 1, 0, 4;
    %store/vec4 v000001e7fd5d3500_0, 0, 4;
    %jmp T_1.11;
T_1.9 ;
    %pushi/vec4 7, 0, 4;
    %store/vec4 v000001e7fd5d3500_0, 0, 4;
    %jmp T_1.11;
T_1.11 ;
    %pop/vec4 1;
    %jmp T_1.5;
T_1.3 ;
    %load/vec4 v000001e7fd5b84d0_0;
    %dup/vec4;
    %pushi/vec4 32, 0, 6;
    %cmp/u;
    %jmp/1 T_1.12, 6;
    %dup/vec4;
    %pushi/vec4 34, 0, 6;
    %cmp/u;
    %jmp/1 T_1.13, 6;
    %dup/vec4;
    %pushi/vec4 36, 0, 6;
    %cmp/u;
    %jmp/1 T_1.14, 6;
    %dup/vec4;
    %pushi/vec4 37, 0, 6;
    %cmp/u;
    %jmp/1 T_1.15, 6;
    %dup/vec4;
    %pushi/vec4 42, 0, 6;
    %cmp/u;
    %jmp/1 T_1.16, 6;
    %pushi/vec4 15, 15, 4;
    %store/vec4 v000001e7fd5d3500_0, 0, 4;
    %jmp T_1.18;
T_1.12 ;
    %pushi/vec4 2, 0, 4;
    %store/vec4 v000001e7fd5d3500_0, 0, 4;
    %jmp T_1.18;
T_1.13 ;
    %pushi/vec4 6, 0, 4;
    %store/vec4 v000001e7fd5d3500_0, 0, 4;
    %jmp T_1.18;
T_1.14 ;
    %pushi/vec4 0, 0, 4;
    %store/vec4 v000001e7fd5d3500_0, 0, 4;
    %jmp T_1.18;
T_1.15 ;
    %pushi/vec4 1, 0, 4;
    %store/vec4 v000001e7fd5d3500_0, 0, 4;
    %jmp T_1.18;
T_1.16 ;
    %pushi/vec4 7, 0, 4;
    %store/vec4 v000001e7fd5d3500_0, 0, 4;
    %jmp T_1.18;
T_1.18 ;
    %pop/vec4 1;
    %jmp T_1.5;
T_1.5 ;
    %pop/vec4 1;
    %jmp T_1;
    .thread T_1, $push;
    .scope S_000001e7fd611d40;
T_2 ;
    %vpi_call 2 29 "$display", "Testing aluDecoder...\012" {0 0 0};
    %pushi/vec4 0, 0, 2;
    %store/vec4 v000001e7fd5bb9f0_0, 0, 2;
    %pushi/vec4 63, 63, 6;
    %store/vec4 v000001e7fd5be6a0_0, 0, 6;
    %pushi/vec4 63, 63, 6;
    %store/vec4 v000001e7fd5bba90_0, 0, 6;
    %delay 10000, 0;
    %fork TD_aluDecoder_tb.display_result, S_000001e7fd5b8340;
    %join;
    %pushi/vec4 1, 0, 2;
    %store/vec4 v000001e7fd5bb9f0_0, 0, 2;
    %pushi/vec4 63, 63, 6;
    %store/vec4 v000001e7fd5be6a0_0, 0, 6;
    %pushi/vec4 63, 63, 6;
    %store/vec4 v000001e7fd5bba90_0, 0, 6;
    %delay 10000, 0;
    %fork TD_aluDecoder_tb.display_result, S_000001e7fd5b8340;
    %join;
    %pushi/vec4 2, 0, 2;
    %store/vec4 v000001e7fd5bb9f0_0, 0, 2;
    %pushi/vec4 8, 0, 6;
    %store/vec4 v000001e7fd5be6a0_0, 0, 6;
    %delay 10000, 0;
    %fork TD_aluDecoder_tb.display_result, S_000001e7fd5b8340;
    %join;
    %pushi/vec4 12, 0, 6;
    %store/vec4 v000001e7fd5be6a0_0, 0, 6;
    %delay 10000, 0;
    %fork TD_aluDecoder_tb.display_result, S_000001e7fd5b8340;
    %join;
    %pushi/vec4 13, 0, 6;
    %store/vec4 v000001e7fd5be6a0_0, 0, 6;
    %delay 10000, 0;
    %fork TD_aluDecoder_tb.display_result, S_000001e7fd5b8340;
    %join;
    %pushi/vec4 10, 0, 6;
    %store/vec4 v000001e7fd5be6a0_0, 0, 6;
    %delay 10000, 0;
    %fork TD_aluDecoder_tb.display_result, S_000001e7fd5b8340;
    %join;
    %pushi/vec4 63, 0, 6;
    %store/vec4 v000001e7fd5be6a0_0, 0, 6;
    %delay 10000, 0;
    %fork TD_aluDecoder_tb.display_result, S_000001e7fd5b8340;
    %join;
    %pushi/vec4 3, 0, 2;
    %store/vec4 v000001e7fd5bb9f0_0, 0, 2;
    %pushi/vec4 0, 0, 6;
    %store/vec4 v000001e7fd5be6a0_0, 0, 6;
    %pushi/vec4 32, 0, 6;
    %store/vec4 v000001e7fd5bba90_0, 0, 6;
    %delay 10000, 0;
    %fork TD_aluDecoder_tb.display_result, S_000001e7fd5b8340;
    %join;
    %pushi/vec4 34, 0, 6;
    %store/vec4 v000001e7fd5bba90_0, 0, 6;
    %delay 10000, 0;
    %fork TD_aluDecoder_tb.display_result, S_000001e7fd5b8340;
    %join;
    %pushi/vec4 36, 0, 6;
    %store/vec4 v000001e7fd5bba90_0, 0, 6;
    %delay 10000, 0;
    %fork TD_aluDecoder_tb.display_result, S_000001e7fd5b8340;
    %join;
    %pushi/vec4 37, 0, 6;
    %store/vec4 v000001e7fd5bba90_0, 0, 6;
    %delay 10000, 0;
    %fork TD_aluDecoder_tb.display_result, S_000001e7fd5b8340;
    %join;
    %pushi/vec4 42, 0, 6;
    %store/vec4 v000001e7fd5bba90_0, 0, 6;
    %delay 10000, 0;
    %fork TD_aluDecoder_tb.display_result, S_000001e7fd5b8340;
    %join;
    %pushi/vec4 63, 0, 6;
    %store/vec4 v000001e7fd5bba90_0, 0, 6;
    %delay 10000, 0;
    %fork TD_aluDecoder_tb.display_result, S_000001e7fd5b8340;
    %join;
    %vpi_call 2 67 "$finish" {0 0 0};
    %end;
    .thread T_2;
# The file index is used to find the file name in the following table.
:file_names 4;
    "N/A";
    "<interactive>";
    "aluDecoder_tb.v";
    "../../RTL/MIPS Processor/Controller/aluDecoder.v";
