#! /c/Source/iverilog-install/bin/vvp
:ivl_version "12.0 (devel)" "(s20150603-1110-g18392a46)";
:ivl_delay_selection "TYPICAL";
:vpi_time_precision - 12;
:vpi_module "C:\iverilog\lib\ivl\system.vpi";
:vpi_module "C:\iverilog\lib\ivl\vhdl_sys.vpi";
:vpi_module "C:\iverilog\lib\ivl\vhdl_textio.vpi";
:vpi_module "C:\iverilog\lib\ivl\v2005_math.vpi";
:vpi_module "C:\iverilog\lib\ivl\va_math.vpi";
S_0000014c43b2fdf0 .scope module, "pc_module_tb" "pc_module_tb" 2 3;
 .timescale -9 -12;
v0000014c43ba6d30_0 .var "clk", 0 0;
v0000014c43ba5ed0_0 .var "instr", 25 0;
v0000014c43ba7370_0 .var "jump", 0 0;
v0000014c43ba6290_0 .net "pc", 31 0, v0000014c43b4dc00_0;  1 drivers
v0000014c43ba6790_0 .var "pcsrc", 0 0;
v0000014c43ba68d0_0 .var "reset", 0 0;
S_0000014c43b3e8c0 .scope task, "display_outputs" "display_outputs" 2 31, 2 31 0, S_0000014c43b2fdf0;
 .timescale -9 -12;
TD_pc_module_tb.display_outputs ;
    %vpi_call 2 33 "$display", "Time = %0t | PC = %h, reset = %b, pcsrc = %b, jump = %b, instr = %h", $time, v0000014c43ba6290_0, v0000014c43ba68d0_0, v0000014c43ba6790_0, v0000014c43ba7370_0, v0000014c43ba5ed0_0 {0 0 0};
    %end;
S_0000014c43b3ea50 .scope module, "uut" "pc_module" 2 16, 3 1 0, S_0000014c43b2fdf0;
 .timescale 0 0;
    .port_info 0 /INPUT 1 "clk";
    .port_info 1 /INPUT 1 "reset";
    .port_info 2 /INPUT 1 "pcsrc";
    .port_info 3 /INPUT 1 "jump";
    .port_info 4 /INPUT 26 "instr";
    .port_info 5 /OUTPUT 32 "pc";
v0000014c43ba6e70_0 .net "clk", 0 0, v0000014c43ba6d30_0;  1 drivers
v0000014c43ba7190_0 .net "instr", 25 0, v0000014c43ba5ed0_0;  1 drivers
v0000014c43ba7690_0 .net "jump", 0 0, v0000014c43ba7370_0;  1 drivers
v0000014c43ba63d0_0 .net "pc", 31 0, v0000014c43b4dc00_0;  alias, 1 drivers
v0000014c43ba7410_0 .net "pcadder4", 31 0, L_0000014c43ba6470;  1 drivers
v0000014c43ba61f0_0 .net "pcbranch", 31 0, L_0000014c43ba70f0;  1 drivers
v0000014c43ba6c90_0 .net "pcjump", 31 0, L_0000014c43ba6510;  1 drivers
v0000014c43ba66f0_0 .net "pcnext", 31 0, L_0000014c43ba6970;  1 drivers
v0000014c43ba75f0_0 .net "pcnext_temp", 31 0, L_0000014c43ba6ab0;  1 drivers
v0000014c43ba5e30_0 .net "pcsrc", 0 0, v0000014c43ba6790_0;  1 drivers
v0000014c43ba6dd0_0 .net "reset", 0 0, v0000014c43ba68d0_0;  1 drivers
L_0000014c43ba6330 .part v0000014c43ba5ed0_0, 0, 16;
S_0000014c43b3ebe0 .scope module, "branchmux" "mux2to1" 3 13, 4 1 0, S_0000014c43b3ea50;
 .timescale 0 0;
    .port_info 0 /INPUT 32 "a";
    .port_info 1 /INPUT 32 "b";
    .port_info 2 /INPUT 1 "sel";
    .port_info 3 /OUTPUT 32 "out";
P_0000014c43b34370 .param/l "WIDTH" 0 4 2, +C4<00000000000000000000000000100000>;
v0000014c43b4dd40_0 .net "a", 31 0, L_0000014c43ba6470;  alias, 1 drivers
v0000014c43b4de80_0 .net "b", 31 0, L_0000014c43ba70f0;  alias, 1 drivers
v0000014c43b4d980_0 .net "out", 31 0, L_0000014c43ba6ab0;  alias, 1 drivers
v0000014c43b4d340_0 .net "sel", 0 0, v0000014c43ba6790_0;  alias, 1 drivers
L_0000014c43ba6ab0 .functor MUXZ 32, L_0000014c43ba6470, L_0000014c43ba70f0, v0000014c43ba6790_0, C4<>;
S_0000014c43b39930 .scope module, "jumpmux" "mux2to1" 3 15, 4 1 0, S_0000014c43b3ea50;
 .timescale 0 0;
    .port_info 0 /INPUT 32 "a";
    .port_info 1 /INPUT 32 "b";
    .port_info 2 /INPUT 1 "sel";
    .port_info 3 /OUTPUT 32 "out";
P_0000014c43b33eb0 .param/l "WIDTH" 0 4 2, +C4<00000000000000000000000000100000>;
v0000014c43b4d7a0_0 .net "a", 31 0, L_0000014c43ba6ab0;  alias, 1 drivers
v0000014c43b4dde0_0 .net "b", 31 0, L_0000014c43ba6510;  alias, 1 drivers
v0000014c43b4d3e0_0 .net "out", 31 0, L_0000014c43ba6970;  alias, 1 drivers
v0000014c43b4d480_0 .net "sel", 0 0, v0000014c43ba7370_0;  alias, 1 drivers
L_0000014c43ba6970 .functor MUXZ 32, L_0000014c43ba6ab0, L_0000014c43ba6510, v0000014c43ba7370_0, C4<>;
S_0000014c43b39ac0 .scope module, "pcadd" "pcadder4" 3 11, 5 1 0, S_0000014c43b3ea50;
 .timescale 0 0;
    .port_info 0 /INPUT 32 "pc_in";
    .port_info 1 /OUTPUT 32 "pc_out";
P_0000014c43b34330 .param/l "WIDTH" 0 5 2, +C4<00000000000000000000000000100000>;
L_0000014c43c80088 .functor BUFT 1, C4<00000000000000000000000000000100>, C4<0>, C4<0>, C4<0>;
v0000014c43b4d700_0 .net/2u *"_ivl_0", 31 0, L_0000014c43c80088;  1 drivers
v0000014c43b4d520_0 .net "pc_in", 31 0, v0000014c43b4dc00_0;  alias, 1 drivers
v0000014c43b4d840_0 .net "pc_out", 31 0, L_0000014c43ba6470;  alias, 1 drivers
L_0000014c43ba6470 .arith/sum 32, v0000014c43b4dc00_0, L_0000014c43c80088;
S_0000014c43b39c50 .scope module, "pcbr" "pcbranch" 3 12, 6 1 0, S_0000014c43b3ea50;
 .timescale 0 0;
    .port_info 0 /INPUT 16 "instr";
    .port_info 1 /INPUT 32 "pcadder4";
    .port_info 2 /OUTPUT 32 "pcbranch";
P_0000014c43b33930 .param/l "WIDTH" 0 6 2, +C4<00000000000000000000000000100000>;
v0000014c43b4df20_0 .net *"_ivl_1", 0 0, L_0000014c43ba6fb0;  1 drivers
v0000014c43b4da20_0 .net *"_ivl_2", 15 0, L_0000014c43ba7050;  1 drivers
v0000014c43b4d5c0_0 .net *"_ivl_7", 29 0, L_0000014c43ba7730;  1 drivers
L_0000014c43c800d0 .functor BUFT 1, C4<00>, C4<0>, C4<0>, C4<0>;
v0000014c43b4d020_0 .net/2u *"_ivl_8", 1 0, L_0000014c43c800d0;  1 drivers
v0000014c43b4dac0_0 .net "extend", 31 0, L_0000014c43ba6650;  1 drivers
v0000014c43b4d0c0_0 .net "instr", 15 0, L_0000014c43ba6330;  1 drivers
v0000014c43b4d660_0 .net "pcadder4", 31 0, L_0000014c43ba6470;  alias, 1 drivers
v0000014c43b4dca0_0 .net "pcbranch", 31 0, L_0000014c43ba70f0;  alias, 1 drivers
v0000014c43b4d8e0_0 .net "shiftLeft", 31 0, L_0000014c43ba59d0;  1 drivers
L_0000014c43ba6fb0 .part L_0000014c43ba6330, 15, 1;
LS_0000014c43ba7050_0_0 .concat [ 1 1 1 1], L_0000014c43ba6fb0, L_0000014c43ba6fb0, L_0000014c43ba6fb0, L_0000014c43ba6fb0;
LS_0000014c43ba7050_0_4 .concat [ 1 1 1 1], L_0000014c43ba6fb0, L_0000014c43ba6fb0, L_0000014c43ba6fb0, L_0000014c43ba6fb0;
LS_0000014c43ba7050_0_8 .concat [ 1 1 1 1], L_0000014c43ba6fb0, L_0000014c43ba6fb0, L_0000014c43ba6fb0, L_0000014c43ba6fb0;
LS_0000014c43ba7050_0_12 .concat [ 1 1 1 1], L_0000014c43ba6fb0, L_0000014c43ba6fb0, L_0000014c43ba6fb0, L_0000014c43ba6fb0;
L_0000014c43ba7050 .concat [ 4 4 4 4], LS_0000014c43ba7050_0_0, LS_0000014c43ba7050_0_4, LS_0000014c43ba7050_0_8, LS_0000014c43ba7050_0_12;
L_0000014c43ba6650 .concat [ 16 16 0 0], L_0000014c43ba6330, L_0000014c43ba7050;
L_0000014c43ba7730 .part L_0000014c43ba6650, 0, 30;
L_0000014c43ba59d0 .concat [ 2 30 0 0], L_0000014c43c800d0, L_0000014c43ba7730;
L_0000014c43ba70f0 .arith/sum 32, L_0000014c43ba6470, L_0000014c43ba59d0;
S_0000014c43b40650 .scope module, "pcff" "pc_ff" 3 10, 7 1 0, S_0000014c43b3ea50;
 .timescale 0 0;
    .port_info 0 /INPUT 1 "clk";
    .port_info 1 /INPUT 1 "reset";
    .port_info 2 /INPUT 32 "pcnext";
    .port_info 3 /OUTPUT 32 "pc";
v0000014c43b4db60_0 .net "clk", 0 0, v0000014c43ba6d30_0;  alias, 1 drivers
v0000014c43b4dc00_0 .var "pc", 31 0;
v0000014c43b4d160_0 .net "pcnext", 31 0, L_0000014c43ba6970;  alias, 1 drivers
v0000014c43b4d200_0 .net "reset", 0 0, v0000014c43ba68d0_0;  alias, 1 drivers
E_0000014c43b33970/0 .event negedge, v0000014c43b4d200_0;
E_0000014c43b33970/1 .event posedge, v0000014c43b4db60_0;
E_0000014c43b33970 .event/or E_0000014c43b33970/0, E_0000014c43b33970/1;
S_0000014c43b407e0 .scope module, "pcjump_inst" "pcjump" 3 14, 8 1 0, S_0000014c43b3ea50;
 .timescale 0 0;
    .port_info 0 /INPUT 26 "instr";
    .port_info 1 /INPUT 32 "pcadder4";
    .port_info 2 /OUTPUT 32 "pcjump";
P_0000014c43b33cf0 .param/l "WIDTH" 0 8 2, +C4<00000000000000000000000000100000>;
v0000014c43b4d2a0_0 .net *"_ivl_1", 3 0, L_0000014c43ba74b0;  1 drivers
L_0000014c43c80118 .functor BUFT 1, C4<00>, C4<0>, C4<0>, C4<0>;
v0000014c43ba6f10_0 .net/2u *"_ivl_2", 1 0, L_0000014c43c80118;  1 drivers
v0000014c43ba5d90_0 .net "instr", 25 0, v0000014c43ba5ed0_0;  alias, 1 drivers
v0000014c43ba72d0_0 .net "pcadder4", 31 0, L_0000014c43ba6470;  alias, 1 drivers
v0000014c43ba7230_0 .net "pcjump", 31 0, L_0000014c43ba6510;  alias, 1 drivers
L_0000014c43ba74b0 .part L_0000014c43ba6470, 28, 4;
L_0000014c43ba6510 .concat [ 2 26 4 0], L_0000014c43c80118, v0000014c43ba5ed0_0, L_0000014c43ba74b0;
    .scope S_0000014c43b40650;
T_1 ;
    %wait E_0000014c43b33970;
    %load/vec4 v0000014c43b4d200_0;
    %nor/r;
    %flag_set/vec4 8;
    %jmp/0xz  T_1.0, 8;
    %pushi/vec4 0, 0, 32;
    %assign/vec4 v0000014c43b4dc00_0, 0;
    %jmp T_1.1;
T_1.0 ;
    %load/vec4 v0000014c43b4d160_0;
    %assign/vec4 v0000014c43b4dc00_0, 0;
T_1.1 ;
    %jmp T_1;
    .thread T_1;
    .scope S_0000014c43b2fdf0;
T_2 ;
    %delay 5000, 0;
    %load/vec4 v0000014c43ba6d30_0;
    %inv;
    %store/vec4 v0000014c43ba6d30_0, 0, 1;
    %jmp T_2;
    .thread T_2;
    .scope S_0000014c43b2fdf0;
T_3 ;
    %pushi/vec4 0, 0, 1;
    %store/vec4 v0000014c43ba6d30_0, 0, 1;
    %pushi/vec4 0, 0, 1;
    %store/vec4 v0000014c43ba68d0_0, 0, 1;
    %pushi/vec4 0, 0, 1;
    %store/vec4 v0000014c43ba6790_0, 0, 1;
    %pushi/vec4 0, 0, 1;
    %store/vec4 v0000014c43ba7370_0, 0, 1;
    %pushi/vec4 0, 0, 26;
    %store/vec4 v0000014c43ba5ed0_0, 0, 26;
    %vpi_call 2 46 "$display", "Testing pc_module...\012" {0 0 0};
    %vpi_call 2 49 "$display", "Test 1: Reset test" {0 0 0};
    %pushi/vec4 1, 0, 1;
    %store/vec4 v0000014c43ba68d0_0, 0, 1;
    %delay 10000, 0;
    %fork TD_pc_module_tb.display_outputs, S_0000014c43b3e8c0;
    %join;
    %pushi/vec4 0, 0, 1;
    %store/vec4 v0000014c43ba68d0_0, 0, 1;
    %delay 10000, 0;
    %fork TD_pc_module_tb.display_outputs, S_0000014c43b3e8c0;
    %join;
    %pushi/vec4 1, 0, 1;
    %store/vec4 v0000014c43ba68d0_0, 0, 1;
    %vpi_call 2 56 "$display", "Test 2: Regular operation with pcsrc = 1" {0 0 0};
    %pushi/vec4 0, 0, 26;
    %store/vec4 v0000014c43ba5ed0_0, 0, 26;
    %pushi/vec4 1, 0, 1;
    %store/vec4 v0000014c43ba6790_0, 0, 1;
    %delay 10000, 0;
    %fork TD_pc_module_tb.display_outputs, S_0000014c43b3e8c0;
    %join;
    %vpi_call 2 61 "$display", "Test 3: Regular operation with pcsrc = 0" {0 0 0};
    %pushi/vec4 0, 0, 1;
    %store/vec4 v0000014c43ba6790_0, 0, 1;
    %delay 10000, 0;
    %fork TD_pc_module_tb.display_outputs, S_0000014c43b3e8c0;
    %join;
    %vpi_call 2 65 "$display", "Test 4: Jump operation" {0 0 0};
    %pushi/vec4 1, 0, 1;
    %store/vec4 v0000014c43ba7370_0, 0, 1;
    %pushi/vec4 44739242, 0, 26;
    %store/vec4 v0000014c43ba5ed0_0, 0, 26;
    %delay 10000, 0;
    %fork TD_pc_module_tb.display_outputs, S_0000014c43b3e8c0;
    %join;
    %vpi_call 2 70 "$display", "Test 5: Check jump and pcsrc working together" {0 0 0};
    %pushi/vec4 1, 0, 1;
    %store/vec4 v0000014c43ba7370_0, 0, 1;
    %pushi/vec4 1, 0, 1;
    %store/vec4 v0000014c43ba6790_0, 0, 1;
    %pushi/vec4 53687091, 0, 26;
    %store/vec4 v0000014c43ba5ed0_0, 0, 26;
    %delay 10000, 0;
    %fork TD_pc_module_tb.display_outputs, S_0000014c43b3e8c0;
    %join;
    %vpi_call 2 75 "$display", "Test 6: No jump, pcsrc = 1" {0 0 0};
    %pushi/vec4 0, 0, 1;
    %store/vec4 v0000014c43ba7370_0, 0, 1;
    %pushi/vec4 1, 0, 1;
    %store/vec4 v0000014c43ba6790_0, 0, 1;
    %pushi/vec4 59652323, 0, 26;
    %store/vec4 v0000014c43ba5ed0_0, 0, 26;
    %delay 10000, 0;
    %fork TD_pc_module_tb.display_outputs, S_0000014c43b3e8c0;
    %join;
    %vpi_call 2 80 "$display", "Test 7: No jump, pcsrc = 0" {0 0 0};
    %pushi/vec4 0, 0, 1;
    %store/vec4 v0000014c43ba7370_0, 0, 1;
    %pushi/vec4 0, 0, 1;
    %store/vec4 v0000014c43ba6790_0, 0, 1;
    %pushi/vec4 40265318, 0, 26;
    %store/vec4 v0000014c43ba5ed0_0, 0, 26;
    %delay 10000, 0;
    %fork TD_pc_module_tb.display_outputs, S_0000014c43b3e8c0;
    %join;
    %vpi_call 2 85 "$finish" {0 0 0};
    %end;
    .thread T_3;
# The file index is used to find the file name in the following table.
:file_names 9;
    "N/A";
    "<interactive>";
    "../../../../Verification/datapath/pc_tb.v";
    "pc.v";
    "mux2to1.v";
    "pcadder4.v";
    "pcbranch.v";
    "pc_ff.v";
    "pcjump.v";
